app/build/intermediates/manifest_merge_blame_file/debug/manifest-merger-blame-debug-report.txt
1<?xml version="1.0" encoding="utf-8"?>
2<manifest xmlns:android="http://schemas.android.com/apk/res/android"
3    package="com.mwangi.real"
4    android:versionCode="1"
5    android:versionName="1.0" >
6
7    <uses-sdk
8        android:minSdkVersion="24"
8-->src\main\AndroidManifest.xml
9        android:targetSdkVersion="33" />
9-->src\main\AndroidManifest.xml
10
11    <uses-permission android:name="android.permission.READ_EXTERNAL_STORAGE" />
11-->src\main\AndroidManifest.xml:5:5-80
11-->src\main\AndroidManifest.xml:5:22-77
12    <uses-permission android:name="android.permission.WRITE_EXTERNAL_STORAGE" />
12-->src\main\AndroidManifest.xml:6:5-81
12-->src\main\AndroidManifest.xml:6:22-78
13    <uses-permission android:name="android.permission.INTERNET" />
13-->src\main\AndroidManifest.xml:7:5-67
13-->src\main\AndroidManifest.xml:7:22-64
14    <uses-permission android:name="android.permission.ACCESS_NETWORK_STATE" />
14-->src\main\AndroidManifest.xml:8:5-79
14-->src\main\AndroidManifest.xml:8:22-76
15    <uses-permission android:name="android.permission.WAKE_LOCK" />
15-->[com.google.android.gms:play-services-measurement-api:21.2.2] AndroidManifest.xml:24:5-68
15-->[com.google.android.gms:play-services-measurement-api:21.2.2] AndroidManifest.xml:24:22-65
16    <uses-permission android:name="com.google.android.gms.permission.AD_ID" />
16-->[com.google.android.gms:play-services-measurement-api:21.2.2] AndroidManifest.xml:25:5-79
16-->[com.google.android.gms:play-services-measurement-api:21.2.2] AndroidManifest.xml:25:22-76
17    <uses-permission android:name="com.google.android.finsky.permission.BIND_GET_INSTALL_REFERRER_SERVICE" />
17-->[com.google.android.gms:play-services-measurement:21.2.2] AndroidManifest.xml:26:5-110
17-->[com.google.android.gms:play-services-measurement:21.2.2] AndroidManifest.xml:26:22-107
18
19    <permission
19-->[androidx.core:core:1.9.0] AndroidManifest.xml:22:5-24:47
20        android:name="com.mwangi.real.DYNAMIC_RECEIVER_NOT_EXPORTED_PERMISSION"
20-->[androidx.core:core:1.9.0] AndroidManifest.xml:23:9-81
21        android:protectionLevel="signature" />
21-->[androidx.core:core:1.9.0] AndroidManifest.xml:24:9-44
22
23    <uses-permission android:name="com.mwangi.real.DYNAMIC_RECEIVER_NOT_EXPORTED_PERMISSION" />
23-->[androidx.core:core:1.9.0] AndroidManifest.xml:26:5-97
23-->[androidx.core:core:1.9.0] AndroidManifest.xml:26:22-94
24
25    <application
25-->src\main\AndroidManifest.xml:10:5-89:19
26        android:allowBackup="true"
26-->src\main\AndroidManifest.xml:11:9-35
27        android:appComponentFactory="androidx.core.app.CoreComponentFactory"
27-->[androidx.core:core:1.9.0] AndroidManifest.xml:28:18-86
28        android:dataExtractionRules="@xml/data_extraction_rules"
28-->src\main\AndroidManifest.xml:12:9-65
29        android:debuggable="true"
30        android:extractNativeLibs="false"
31        android:fullBackupContent="@xml/backup_rules"
31-->src\main\AndroidManifest.xml:13:9-54
32        android:icon="@mipmap/icon_r"
32-->src\main\AndroidManifest.xml:14:9-38
33        android:label="@string/app_name"
33-->src\main\AndroidManifest.xml:15:9-41
34        android:supportsRtl="true"
34-->src\main\AndroidManifest.xml:16:9-35
35        android:testOnly="true"
36        android:theme="@style/Theme.Real" >
36-->src\main\AndroidManifest.xml:17:9-42
37        <activity
37-->src\main\AndroidManifest.xml:19:9-21:40
38            android:name="com.mwangi.real.chat_eight"
38-->src\main\AndroidManifest.xml:20:13-39
39            android:exported="false" />
39-->src\main\AndroidManifest.xml:21:13-37
40        <activity
40-->src\main\AndroidManifest.xml:22:9-24:40
41            android:name="com.mwangi.real.chat_seven"
41-->src\main\AndroidManifest.xml:23:13-39
42            android:exported="false" />
42-->src\main\AndroidManifest.xml:24:13-37
43        <activity
43-->src\main\AndroidManifest.xml:25:9-27:40
44            android:name="com.mwangi.real.chat_six"
44-->src\main\AndroidManifest.xml:26:13-37
45            android:exported="false" />
45-->src\main\AndroidManifest.xml:27:13-37
46        <activity
46-->src\main\AndroidManifest.xml:28:9-30:40
47            android:name="com.mwangi.real.chat_five"
47-->src\main\AndroidManifest.xml:29:13-38
48            android:exported="false" />
48-->src\main\AndroidManifest.xml:30:13-37
49        <activity
49-->src\main\AndroidManifest.xml:31:9-33:40
50            android:name="com.mwangi.real.chat_four"
50-->src\main\AndroidManifest.xml:32:13-38
51            android:exported="false" />
51-->src\main\AndroidManifest.xml:33:13-37
52        <activity
52-->src\main\AndroidManifest.xml:34:9-36:40
53            android:name="com.mwangi.real.chat_three"
53-->src\main\AndroidManifest.xml:35:13-39
54            android:exported="false" />
54-->src\main\AndroidManifest.xml:36:13-37
55        <activity
55-->src\main\AndroidManifest.xml:37:9-39:40
56            android:name="com.mwangi.real.chat_two"
56-->src\main\AndroidManifest.xml:38:13-37
57            android:exported="false" />
57-->src\main\AndroidManifest.xml:39:13-37
58        <activity
58-->src\main\AndroidManifest.xml:40:9-42:40
59            android:name="com.mwangi.real.chat_one"
59-->src\main\AndroidManifest.xml:41:13-37
60            android:exported="false" />
60-->src\main\AndroidManifest.xml:42:13-37
61
62        <provider
63            android:name="androidx.core.content.FileProvider"
63-->src\main\AndroidManifest.xml:45:13-62
64            android:authorities="com.mwangi.real.fileprovider"
64-->src\main\AndroidManifest.xml:46:13-64
65            android:exported="false"
65-->src\main\AndroidManifest.xml:47:13-37
66            android:grantUriPermissions="true" >
66-->src\main\AndroidManifest.xml:48:13-47
67            <meta-data
67-->src\main\AndroidManifest.xml:49:13-51:54
68                android:name="android.support.FILE_PROVIDER_PATHS"
68-->src\main\AndroidManifest.xml:50:17-67
69                android:resource="@xml/file_paths" />
69-->src\main\AndroidManifest.xml:51:17-51
70        </provider>
71
72        <activity
72-->src\main\AndroidManifest.xml:54:9-56:40
73            android:name="com.mwangi.real.UpdatingUserInfo"
73-->src\main\AndroidManifest.xml:55:13-45
74            android:exported="false" />
74-->src\main\AndroidManifest.xml:56:13-37
75        <activity
75-->src\main\AndroidManifest.xml:57:9-59:40
76            android:name="com.mwangi.real.AccountSettings"
76-->src\main\AndroidManifest.xml:58:13-44
77            android:exported="false" />
77-->src\main\AndroidManifest.xml:59:13-37
78        <activity
78-->src\main\AndroidManifest.xml:60:9-62:40
79            android:name="com.mwangi.real.ViewActivity"
79-->src\main\AndroidManifest.xml:61:13-41
80            android:exported="false" />
80-->src\main\AndroidManifest.xml:62:13-37
81        <activity
81-->src\main\AndroidManifest.xml:63:9-66:52
82            android:name="com.mwangi.real.MainActivity"
82-->src\main\AndroidManifest.xml:64:13-41
83            android:exported="false"
83-->src\main\AndroidManifest.xml:65:13-37
84            android:screenOrientation="portrait" />
84-->src\main\AndroidManifest.xml:66:13-49
85        <activity
85-->src\main\AndroidManifest.xml:67:9-70:52
86            android:name="com.mwangi.real.RegisterActivity"
86-->src\main\AndroidManifest.xml:68:13-45
87            android:exported="false"
87-->src\main\AndroidManifest.xml:69:13-37
88            android:screenOrientation="portrait" />
88-->src\main\AndroidManifest.xml:70:13-49
89        <activity
89-->src\main\AndroidManifest.xml:71:9-74:52
90            android:name="com.mwangi.real.LoginActivity"
90-->src\main\AndroidManifest.xml:72:13-42
91            android:exported="false"
91-->src\main\AndroidManifest.xml:73:13-37
92            android:screenOrientation="portrait" />
92-->src\main\AndroidManifest.xml:74:13-49
93        <activity
93-->src\main\AndroidManifest.xml:75:9-78:52
94            android:name="com.mwangi.real.GetStartedActivity"
94-->src\main\AndroidManifest.xml:76:13-47
95            android:exported="false"
95-->src\main\AndroidManifest.xml:77:13-37
96            android:screenOrientation="portrait" />
96-->src\main\AndroidManifest.xml:78:13-49
97        <activity
97-->src\main\AndroidManifest.xml:79:9-88:20
98            android:name="com.mwangi.real.SplashActivity"
98-->src\main\AndroidManifest.xml:80:13-43
99            android:exported="true"
99-->src\main\AndroidManifest.xml:81:13-36
100            android:screenOrientation="portrait" >
100-->src\main\AndroidManifest.xml:82:13-49
101            <intent-filter>
101-->src\main\AndroidManifest.xml:83:13-87:29
102                <action android:name="android.intent.action.MAIN" />
102-->src\main\AndroidManifest.xml:84:17-69
102-->src\main\AndroidManifest.xml:84:25-66
103
104                <category android:name="android.intent.category.LAUNCHER" />
104-->src\main\AndroidManifest.xml:86:17-77
104-->src\main\AndroidManifest.xml:86:27-74
105            </intent-filter>
106        </activity>
107
108        <service
108-->[com.google.firebase:firebase-firestore-ktx:24.5.0] AndroidManifest.xml:11:9-17:19
109            android:name="com.google.firebase.components.ComponentDiscoveryService"
109-->[com.google.firebase:firebase-firestore-ktx:24.5.0] AndroidManifest.xml:12:13-84
110            android:directBootAware="true"
110-->[com.google.firebase:firebase-common:20.3.2] AndroidManifest.xml:34:13-43
111            android:exported="false" >
111-->[com.google.firebase:firebase-firestore-ktx:24.5.0] AndroidManifest.xml:13:13-37
112            <meta-data
112-->[com.google.firebase:firebase-firestore-ktx:24.5.0] AndroidManifest.xml:14:13-16:85
113                android:name="com.google.firebase.components:com.google.firebase.firestore.ktx.FirebaseFirestoreKtxRegistrar"
113-->[com.google.firebase:firebase-firestore-ktx:24.5.0] AndroidManifest.xml:15:17-126
114                android:value="com.google.firebase.components.ComponentRegistrar" />
114-->[com.google.firebase:firebase-firestore-ktx:24.5.0] AndroidManifest.xml:16:17-82
115            <meta-data
115-->[com.google.firebase:firebase-auth:21.3.0] AndroidManifest.xml:69:13-71:85
116                android:name="com.google.firebase.components:com.google.firebase.auth.FirebaseAuthRegistrar"
116-->[com.google.firebase:firebase-auth:21.3.0] AndroidManifest.xml:70:17-109
117                android:value="com.google.firebase.components.ComponentRegistrar" />
117-->[com.google.firebase:firebase-auth:21.3.0] AndroidManifest.xml:71:17-82
118            <meta-data
118-->[com.google.firebase:firebase-database-ktx:20.2.0] AndroidManifest.xml:14:13-16:85
119                android:name="com.google.firebase.components:com.google.firebase.database.ktx.FirebaseDatabaseKtxRegistrar"
119-->[com.google.firebase:firebase-database-ktx:20.2.0] AndroidManifest.xml:15:17-124
120                android:value="com.google.firebase.components.ComponentRegistrar" />
120-->[com.google.firebase:firebase-database-ktx:20.2.0] AndroidManifest.xml:16:17-82
121            <meta-data
121-->[com.google.firebase:firebase-database:20.2.0] AndroidManifest.xml:31:13-33:85
122                android:name="com.google.firebase.components:com.google.firebase.database.DatabaseRegistrar"
122-->[com.google.firebase:firebase-database:20.2.0] AndroidManifest.xml:32:17-109
123                android:value="com.google.firebase.components.ComponentRegistrar" />
123-->[com.google.firebase:firebase-database:20.2.0] AndroidManifest.xml:33:17-82
124            <meta-data
124-->[com.google.firebase:firebase-storage-ktx:20.1.0] AndroidManifest.xml:14:13-16:85
125                android:name="com.google.firebase.components:com.google.firebase.storage.ktx.FirebaseStorageKtxRegistrar"
125-->[com.google.firebase:firebase-storage-ktx:20.1.0] AndroidManifest.xml:15:17-122
126                android:value="com.google.firebase.components.ComponentRegistrar" />
126-->[com.google.firebase:firebase-storage-ktx:20.1.0] AndroidManifest.xml:16:17-82
127            <meta-data
127-->[com.google.firebase:firebase-analytics-ktx:21.2.2] AndroidManifest.xml:11:13-13:85
128                android:name="com.google.firebase.components:com.google.firebase.analytics.ktx.FirebaseAnalyticsKtxRegistrar"
128-->[com.google.firebase:firebase-analytics-ktx:21.2.2] AndroidManifest.xml:12:17-126
129                android:value="com.google.firebase.components.ComponentRegistrar" />
129-->[com.google.firebase:firebase-analytics-ktx:21.2.2] AndroidManifest.xml:13:17-82
130            <meta-data
130-->[com.google.firebase:firebase-storage:20.1.0] AndroidManifest.xml:32:13-34:85
131                android:name="com.google.firebase.components:com.google.firebase.storage.StorageRegistrar"
131-->[com.google.firebase:firebase-storage:20.1.0] AndroidManifest.xml:33:17-107
132                android:value="com.google.firebase.components.ComponentRegistrar" />
132-->[com.google.firebase:firebase-storage:20.1.0] AndroidManifest.xml:34:17-82
133            <meta-data
133-->[com.google.firebase:firebase-common-ktx:20.3.2] AndroidManifest.xml:14:13-16:85
134                android:name="com.google.firebase.components:com.google.firebase.ktx.FirebaseCommonKtxRegistrar"
134-->[com.google.firebase:firebase-common-ktx:20.3.2] AndroidManifest.xml:15:17-113
135                android:value="com.google.firebase.components.ComponentRegistrar" />
135-->[com.google.firebase:firebase-common-ktx:20.3.2] AndroidManifest.xml:16:17-82
136            <meta-data
136-->[com.google.firebase:firebase-firestore:24.5.0] AndroidManifest.xml:19:13-21:85
137                android:name="com.google.firebase.components:com.google.firebase.firestore.FirestoreRegistrar"
137-->[com.google.firebase:firebase-firestore:24.5.0] AndroidManifest.xml:20:17-111
138                android:value="com.google.firebase.components.ComponentRegistrar" />
138-->[com.google.firebase:firebase-firestore:24.5.0] AndroidManifest.xml:21:17-82
139            <meta-data
139-->[com.google.android.gms:play-services-measurement-api:21.2.2] AndroidManifest.xml:31:13-33:85
140                android:name="com.google.firebase.components:com.google.firebase.analytics.connector.internal.AnalyticsConnectorRegistrar"
140-->[com.google.android.gms:play-services-measurement-api:21.2.2] AndroidManifest.xml:32:17-139
141                android:value="com.google.firebase.components.ComponentRegistrar" />
141-->[com.google.android.gms:play-services-measurement-api:21.2.2] AndroidManifest.xml:33:17-82
142            <meta-data
142-->[com.google.firebase:firebase-installations:17.1.3] AndroidManifest.xml:17:13-19:85
143                android:name="com.google.firebase.components:com.google.firebase.installations.FirebaseInstallationsRegistrar"
143-->[com.google.firebase:firebase-installations:17.1.3] AndroidManifest.xml:18:17-127
144                android:value="com.google.firebase.components.ComponentRegistrar" />
144-->[com.google.firebase:firebase-installations:17.1.3] AndroidManifest.xml:19:17-82
145        </service>
146
147        <activity
147-->[com.google.firebase:firebase-auth:21.3.0] AndroidManifest.xml:29:9-46:20
148            android:name="com.google.firebase.auth.internal.GenericIdpActivity"
148-->[com.google.firebase:firebase-auth:21.3.0] AndroidManifest.xml:30:13-80
149            android:excludeFromRecents="true"
149-->[com.google.firebase:firebase-auth:21.3.0] AndroidManifest.xml:31:13-46
150            android:exported="true"
150-->[com.google.firebase:firebase-auth:21.3.0] AndroidManifest.xml:32:13-36
151            android:launchMode="singleTask"
151-->[com.google.firebase:firebase-auth:21.3.0] AndroidManifest.xml:33:13-44
152            android:theme="@android:style/Theme.Translucent.NoTitleBar" >
152-->[com.google.firebase:firebase-auth:21.3.0] AndroidManifest.xml:34:13-72
153            <intent-filter>
153-->[com.google.firebase:firebase-auth:21.3.0] AndroidManifest.xml:35:13-45:29
154                <action android:name="android.intent.action.VIEW" />
154-->[com.google.firebase:firebase-auth:21.3.0] AndroidManifest.xml:36:17-69
154-->[com.google.firebase:firebase-auth:21.3.0] AndroidManifest.xml:36:25-66
155
156                <category android:name="android.intent.category.DEFAULT" />
156-->[com.google.firebase:firebase-auth:21.3.0] AndroidManifest.xml:38:17-76
156-->[com.google.firebase:firebase-auth:21.3.0] AndroidManifest.xml:38:27-73
157                <category android:name="android.intent.category.BROWSABLE" />
157-->[com.google.firebase:firebase-auth:21.3.0] AndroidManifest.xml:39:17-78
157-->[com.google.firebase:firebase-auth:21.3.0] AndroidManifest.xml:39:27-75
158
159                <data
159-->[com.google.firebase:firebase-auth:21.3.0] AndroidManifest.xml:41:17-44:51
160                    android:host="firebase.auth"
160-->[com.google.firebase:firebase-auth:21.3.0] AndroidManifest.xml:42:21-49
161                    android:path="/"
161-->[com.google.firebase:firebase-auth:21.3.0] AndroidManifest.xml:43:21-37
162                    android:scheme="genericidp" />
162-->[com.google.firebase:firebase-auth:21.3.0] AndroidManifest.xml:44:21-48
163            </intent-filter>
164        </activity>
165        <activity
165-->[com.google.firebase:firebase-auth:21.3.0] AndroidManifest.xml:47:9-64:20
166            android:name="com.google.firebase.auth.internal.RecaptchaActivity"
166-->[com.google.firebase:firebase-auth:21.3.0] AndroidManifest.xml:48:13-79
167            android:excludeFromRecents="true"
167-->[com.google.firebase:firebase-auth:21.3.0] AndroidManifest.xml:49:13-46
168            android:exported="true"
168-->[com.google.firebase:firebase-auth:21.3.0] AndroidManifest.xml:50:13-36
169            android:launchMode="singleTask"
169-->[com.google.firebase:firebase-auth:21.3.0] AndroidManifest.xml:51:13-44
170            android:theme="@android:style/Theme.Translucent.NoTitleBar" >
170-->[com.google.firebase:firebase-auth:21.3.0] AndroidManifest.xml:52:13-72
171            <intent-filter>
171-->[com.google.firebase:firebase-auth:21.3.0] AndroidManifest.xml:53:13-63:29
172                <action android:name="android.intent.action.VIEW" />
172-->[com.google.firebase:firebase-auth:21.3.0] AndroidManifest.xml:36:17-69
172-->[com.google.firebase:firebase-auth:21.3.0] AndroidManifest.xml:36:25-66
173
174                <category android:name="android.intent.category.DEFAULT" />
174-->[com.google.firebase:firebase-auth:21.3.0] AndroidManifest.xml:38:17-76
174-->[com.google.firebase:firebase-auth:21.3.0] AndroidManifest.xml:38:27-73
175                <category android:name="android.intent.category.BROWSABLE" />
175-->[com.google.firebase:firebase-auth:21.3.0] AndroidManifest.xml:39:17-78
175-->[com.google.firebase:firebase-auth:21.3.0] AndroidManifest.xml:39:27-75
176
177                <data
177-->[com.google.firebase:firebase-auth:21.3.0] AndroidManifest.xml:41:17-44:51
178                    android:host="firebase.auth"
178-->[com.google.firebase:firebase-auth:21.3.0] AndroidManifest.xml:42:21-49
179                    android:path="/"
179-->[com.google.firebase:firebase-auth:21.3.0] AndroidManifest.xml:43:21-37
180                    android:scheme="recaptcha" />
180-->[com.google.firebase:firebase-auth:21.3.0] AndroidManifest.xml:44:21-48
181            </intent-filter>
182        </activity>
183
184        <provider
184-->[com.google.firebase:firebase-common:20.3.2] AndroidManifest.xml:25:9-30:39
185            android:name="com.google.firebase.provider.FirebaseInitProvider"
185-->[com.google.firebase:firebase-common:20.3.2] AndroidManifest.xml:26:13-77
186            android:authorities="com.mwangi.real.firebaseinitprovider"
186-->[com.google.firebase:firebase-common:20.3.2] AndroidManifest.xml:27:13-72
187            android:directBootAware="true"
187-->[com.google.firebase:firebase-common:20.3.2] AndroidManifest.xml:28:13-43
188            android:exported="false"
188-->[com.google.firebase:firebase-common:20.3.2] AndroidManifest.xml:29:13-37
189            android:initOrder="100" />
189-->[com.google.firebase:firebase-common:20.3.2] AndroidManifest.xml:30:13-36
190
191        <activity
191-->[com.google.android.gms:play-services-base:18.1.0] AndroidManifest.xml:20:9-22:45
192            android:name="com.google.android.gms.common.api.GoogleApiActivity"
192-->[com.google.android.gms:play-services-base:18.1.0] AndroidManifest.xml:20:19-85
193            android:exported="false"
193-->[com.google.android.gms:play-services-base:18.1.0] AndroidManifest.xml:22:19-43
194            android:theme="@android:style/Theme.Translucent.NoTitleBar" />
194-->[com.google.android.gms:play-services-base:18.1.0] AndroidManifest.xml:21:19-78
195
196        <receiver
196-->[com.google.android.gms:play-services-measurement:21.2.2] AndroidManifest.xml:29:9-33:20
197            android:name="com.google.android.gms.measurement.AppMeasurementReceiver"
197-->[com.google.android.gms:play-services-measurement:21.2.2] AndroidManifest.xml:30:13-85
198            android:enabled="true"
198-->[com.google.android.gms:play-services-measurement:21.2.2] AndroidManifest.xml:31:13-35
199            android:exported="false" >
199-->[com.google.android.gms:play-services-measurement:21.2.2] AndroidManifest.xml:32:13-37
200        </receiver>
201
202        <service
202-->[com.google.android.gms:play-services-measurement:21.2.2] AndroidManifest.xml:35:9-38:40
203            android:name="com.google.android.gms.measurement.AppMeasurementService"
203-->[com.google.android.gms:play-services-measurement:21.2.2] AndroidManifest.xml:36:13-84
204            android:enabled="true"
204-->[com.google.android.gms:play-services-measurement:21.2.2] AndroidManifest.xml:37:13-35
205            android:exported="false" />
205-->[com.google.android.gms:play-services-measurement:21.2.2] AndroidManifest.xml:38:13-37
206        <service
206-->[com.google.android.gms:play-services-measurement:21.2.2] AndroidManifest.xml:39:9-43:72
207            android:name="com.google.android.gms.measurement.AppMeasurementJobService"
207-->[com.google.android.gms:play-services-measurement:21.2.2] AndroidManifest.xml:40:13-87
208            android:enabled="true"
208-->[com.google.android.gms:play-services-measurement:21.2.2] AndroidManifest.xml:41:13-35
209            android:exported="false"
209-->[com.google.android.gms:play-services-measurement:21.2.2] AndroidManifest.xml:42:13-37
210            android:permission="android.permission.BIND_JOB_SERVICE" />
210-->[com.google.android.gms:play-services-measurement:21.2.2] AndroidManifest.xml:43:13-69
211
212        <meta-data
212-->[com.google.android.gms:play-services-basement:18.1.0] AndroidManifest.xml:21:9-23:69
213            android:name="com.google.android.gms.version"
213-->[com.google.android.gms:play-services-basement:18.1.0] AndroidManifest.xml:22:13-58
214            android:value="@integer/google_play_services_version" />
214-->[com.google.android.gms:play-services-basement:18.1.0] AndroidManifest.xml:23:13-66
215
216        <provider
216-->[androidx.emoji2:emoji2:1.2.0] AndroidManifest.xml:24:9-32:20
217            android:name="androidx.startup.InitializationProvider"
217-->[androidx.emoji2:emoji2:1.2.0] AndroidManifest.xml:25:13-67
218            android:authorities="com.mwangi.real.androidx-startup"
218-->[androidx.emoji2:emoji2:1.2.0] AndroidManifest.xml:26:13-68
219            android:exported="false" >
219-->[androidx.emoji2:emoji2:1.2.0] AndroidManifest.xml:27:13-37
220            <meta-data
220-->[androidx.emoji2:emoji2:1.2.0] AndroidManifest.xml:29:13-31:52
221                android:name="androidx.emoji2.text.EmojiCompatInitializer"
221-->[androidx.emoji2:emoji2:1.2.0] AndroidManifest.xml:30:17-75
222                android:value="androidx.startup" />
222-->[androidx.emoji2:emoji2:1.2.0] AndroidManifest.xml:31:17-49
223            <meta-data
223-->[androidx.lifecycle:lifecycle-process:2.6.1] AndroidManifest.xml:29:13-31:52
224                android:name="androidx.lifecycle.ProcessLifecycleInitializer"
224-->[androidx.lifecycle:lifecycle-process:2.6.1] AndroidManifest.xml:30:17-78
225                android:value="androidx.startup" />
225-->[androidx.lifecycle:lifecycle-process:2.6.1] AndroidManifest.xml:31:17-49
226            <meta-data
226-->[androidx.profileinstaller:profileinstaller:1.3.0] AndroidManifest.xml:29:13-31:52
227                android:name="androidx.profileinstaller.ProfileInstallerInitializer"
227-->[androidx.profileinstaller:profileinstaller:1.3.0] AndroidManifest.xml:30:17-85
228                android:value="androidx.startup" />
228-->[androidx.profileinstaller:profileinstaller:1.3.0] AndroidManifest.xml:31:17-49
229        </provider>
230
231        <uses-library
231-->[androidx.window:window:1.0.0] AndroidManifest.xml:25:9-27:40
232            android:name="androidx.window.extensions"
232-->[androidx.window:window:1.0.0] AndroidManifest.xml:26:13-54
233            android:required="false" />
233-->[androidx.window:window:1.0.0] AndroidManifest.xml:27:13-37
234        <uses-library
234-->[androidx.window:window:1.0.0] AndroidManifest.xml:28:9-30:40
235            android:name="androidx.window.sidecar"
235-->[androidx.window:window:1.0.0] AndroidManifest.xml:29:13-51
236            android:required="false" />
236-->[androidx.window:window:1.0.0] AndroidManifest.xml:30:13-37
237
238        <receiver
238-->[androidx.profileinstaller:profileinstaller:1.3.0] AndroidManifest.xml:34:9-52:20
239            android:name="androidx.profileinstaller.ProfileInstallReceiver"
239-->[androidx.profileinstaller:profileinstaller:1.3.0] AndroidManifest.xml:35:13-76
240            android:directBootAware="false"
240-->[androidx.profileinstaller:profileinstaller:1.3.0] AndroidManifest.xml:36:13-44
241            android:enabled="true"
241-->[androidx.profileinstaller:profileinstaller:1.3.0] AndroidManifest.xml:37:13-35
242            android:exported="true"
242-->[androidx.profileinstaller:profileinstaller:1.3.0] AndroidManifest.xml:38:13-36
243            android:permission="android.permission.DUMP" >
243-->[androidx.profileinstaller:profileinstaller:1.3.0] AndroidManifest.xml:39:13-57
244            <intent-filter>
244-->[androidx.profileinstaller:profileinstaller:1.3.0] AndroidManifest.xml:40:13-42:29
245                <action android:name="androidx.profileinstaller.action.INSTALL_PROFILE" />
245-->[androidx.profileinstaller:profileinstaller:1.3.0] AndroidManifest.xml:41:17-91
245-->[androidx.profileinstaller:profileinstaller:1.3.0] AndroidManifest.xml:41:25-88
246            </intent-filter>
247            <intent-filter>
247-->[androidx.profileinstaller:profileinstaller:1.3.0] AndroidManifest.xml:43:13-45:29
248                <action android:name="androidx.profileinstaller.action.SKIP_FILE" />
248-->[androidx.profileinstaller:profileinstaller:1.3.0] AndroidManifest.xml:44:17-85
248-->[androidx.profileinstaller:profileinstaller:1.3.0] AndroidManifest.xml:44:25-82
249            </intent-filter>
250            <intent-filter>
250-->[androidx.profileinstaller:profileinstaller:1.3.0] AndroidManifest.xml:46:13-48:29
251                <action android:name="androidx.profileinstaller.action.SAVE_PROFILE" />
251-->[androidx.profileinstaller:profileinstaller:1.3.0] AndroidManifest.xml:47:17-88
251-->[androidx.profileinstaller:profileinstaller:1.3.0] AndroidManifest.xml:47:25-85
252            </intent-filter>
253            <intent-filter>
253-->[androidx.profileinstaller:profileinstaller:1.3.0] AndroidManifest.xml:49:13-51:29
254                <action android:name="androidx.profileinstaller.action.BENCHMARK_OPERATION" />
254-->[androidx.profileinstaller:profileinstaller:1.3.0] AndroidManifest.xml:50:17-95
254-->[androidx.profileinstaller:profileinstaller:1.3.0] AndroidManifest.xml:50:25-92
255            </intent-filter>
256        </receiver>
257    </application>
258
259</manifest>